0 info it worked if it ends with ok
1 verbose cli [ 'C:\\Program Files\\nodejs\\node.exe',
1 verbose cli   'C:\\Users\\ur00\\AppData\\Roaming\\npm\\node_modules\\npm\\bin\\npm-cli.js',
1 verbose cli   'run',
1 verbose cli   'scss' ]
2 info using npm@4.0.5
3 info using node@v8.16.0
4 verbose run-script [ 'prescss', 'scss', 'postscss' ]
5 info lifecycle es6@1.0.0~prescss: es6@1.0.0
6 silly lifecycle es6@1.0.0~prescss: no script for prescss, continuing
7 info lifecycle es6@1.0.0~scss: es6@1.0.0
8 verbose lifecycle es6@1.0.0~scss: unsafe-perm in lifecycle true
9 verbose lifecycle es6@1.0.0~scss: PATH: C:\Users\ur00\AppData\Roaming\npm\node_modules\npm\bin\node-gyp-bin;C:\1713\es6\node_modules\.bin;C:\Program Files\Broadcom\Broadcom 802.11;;C:\Windows\System32;C:\Program Files\nodejs;C:\Program Files\nodejs\node_modules\npm\bin;C:\Program Files\Java\jdk1.8.0_111\bin;C:\Program Files (x86)\Brackets;C:\Users\ur00\AppData\Roaming\npm;C:\Users\ur00\AppData\Local\Android\sdk\platform-tools;C:\desarrollo\flutter\bin;C:\Program Files\Git\cmd;C:\Program Files (x86)\Microsoft VS Code\bin;C:\Program Files\PuTTY\;C:\wamp64\bin\php\php5.6.25;C:\Program Files\nodejs\;C:\ProgramData\chocolatey\bin;C:\Program Files (x86)\Microsoft VS Code\bin;C:\apache-maven-3.5.3\bin;C:\Users\ur00\AppData\Roaming\npm
10 verbose lifecycle es6@1.0.0~scss: CWD: C:\1713\es6
11 silly lifecycle es6@1.0.0~scss: Args: [ '/d /s /c', 'node-sass — watch scss -o css' ]
12 silly lifecycle es6@1.0.0~scss: Returned: code: 1  signal: null
13 info lifecycle es6@1.0.0~scss: Failed to exec scss script
14 verbose stack Error: es6@1.0.0 scss: `node-sass — watch scss -o css`
14 verbose stack Exit status 1
14 verbose stack     at EventEmitter.<anonymous> (C:\Users\ur00\AppData\Roaming\npm\node_modules\npm\lib\utils\lifecycle.js:279:16)
14 verbose stack     at emitTwo (events.js:126:13)
14 verbose stack     at EventEmitter.emit (events.js:214:7)
14 verbose stack     at ChildProcess.<anonymous> (C:\Users\ur00\AppData\Roaming\npm\node_modules\npm\lib\utils\spawn.js:40:14)
14 verbose stack     at emitTwo (events.js:126:13)
14 verbose stack     at ChildProcess.emit (events.js:214:7)
14 verbose stack     at maybeClose (internal/child_process.js:915:16)
14 verbose stack     at Process.ChildProcess._handle.onexit (internal/child_process.js:209:5)
15 verbose pkgid es6@1.0.0
16 verbose cwd C:\1713\es6
17 error Windows_NT 6.1.7601
18 error argv "C:\\Program Files\\nodejs\\node.exe" "C:\\Users\\ur00\\AppData\\Roaming\\npm\\node_modules\\npm\\bin\\npm-cli.js" "run" "scss"
19 error node v8.16.0
20 error npm  v4.0.5
21 error code ELIFECYCLE
22 error es6@1.0.0 scss: `node-sass — watch scss -o css`
22 error Exit status 1
23 error Failed at the es6@1.0.0 scss script 'node-sass — watch scss -o css'.
23 error Make sure you have the latest version of node.js and npm installed.
23 error If you do, this is most likely a problem with the es6 package,
23 error not with npm itself.
23 error Tell the author that this fails on your system:
23 error     node-sass — watch scss -o css
23 error You can get information on how to open an issue for this project with:
23 error     npm bugs es6
23 error Or if that isn't available, you can get their info via:
23 error     npm owner ls es6
23 error There is likely additional logging output above.
24 verbose exit [ 1, true ]
